<?xml version="1.0" encoding="UTF-8"?>
<beans xmlns="http://www.springframework.org/schema/beans"
       xmlns:xsi="http://www.w3.org/2001/XMLSchema-instance"
       xmlns:aop="http://www.springframework.org/schema/aop"
       xmlns:context="http://www.springframework.org/schema/context"
       xmlns:tx="http://www.springframework.org/schema/tx"
       xsi:schemaLocation="
           http://www.springframework.org/schema/beans
           http://www.springframework.org/schema/beans/spring-beans.xsd
           http://www.springframework.org/schema/aop
           http://www.springframework.org/schema/aop/spring-aop.xsd
           http://www.springframework.org/schema/tx
           http://www.springframework.org/schema/tx/spring-tx-2.5.xsd">


    <bean id="dataSource"
          class = "org.springframework.jdbc.datasource.SimpleDriverDataSource">
        <property name="driverClass" value="com.mysql.cj.jdbc.Driver"/>
        <property name="url" value="jdbc:mysql://localhost:3306/test"/>
        <property name="username" value="root"/>
        <property name="password" value="1204"/>
    </bean>

    <bean id="sqlReader" class="seungkyu.YmlSqlReader">
        <constructor-arg value="/sqlmap.yml"/>
    </bean>

    <bean id="sqlRegistry" class="seungkyu.MapSqlRegistry"/>

    <bean id="sqlService" class="seungkyu.YmlSqlService">
        <constructor-arg ref="sqlReader"/>
        <constructor-arg ref="sqlRegistry"/>
    </bean>

    <bean id="userDao" class="seungkyu.UserDaoImpl">
        <constructor-arg ref="dataSource" />
        <constructor-arg ref="sqlService"/>
    </bean>
    <bean id="transactionManager" class="org.springframework.jdbc.datasource.DataSourceTransactionManager">
        <property name="dataSource" ref="dataSource"/>
    </bean>

    <bean class="org.springframework.aop.framework.autoproxy.DefaultAdvisorAutoProxyCreator"/>

    <bean id="transactionPointcut"
          class="org.springframework.aop.aspectj.AspectJExpressionPointcut">
        <property name="expression" value="execution(* *..*ServiceImpl.upgrade*(..))"/>
    </bean>

    <bean id="mailSender" class="seungkyu.MailSenderImpl"/>

    <bean id="userService" class="seungkyu.TestUserServiceImpl">
        <constructor-arg ref="userDao"/>
        <constructor-arg ref="mailSender"/>
    </bean>

    <bean id="testUserService" class="seungkyu.TestUserServiceImpl" parent="userService"/>

    <aop:config>
        <aop:advisor advice-ref="transactionAdvice" pointcut="bean(*Service)"/>
    </aop:config>

    <tx:advice id="transactionAdvice">
        <tx:attributes>
            <tx:method name="get*" read-only="true"/>
            <tx:method name="*"/>
        </tx:attributes>
    </tx:advice>
</beans>